Arguments: 
  /data/data/com.termux/files/usr/bin/node /data/data/com.termux/files/usr/share/yarn/bin/yarn.js install

PATH: 
  /data/data/com.termux/files/usr/bin

Yarn version: 
  1.22.19

Node version: 
  20.2.0

Platform: 
  android arm64

Trace: 
  Error: EACCES: permission denied, symlink '../../../mime/cli.js' -> '/storage/emulated/0/SERVICES/node_modules/send/node_modules/.bin/mime'

npm manifest: 
  {
    "name": "web-api-rest",
    "version": "1.0.0",
    "description": "Esta es una web API REST desarrollada desde cero por Andres-VPN",
    "main": "index.js",
    "directories": {
      "lib": "lib"
    },
    "scripts": {
      "test": "echo \"Error: no test specified\" && exit 1",
      "start": "node index"
    },
    "author": "Andres-VPN",
    "license": "ISC",
    "dependencies": {
      "axios": "^1.1.3",
      "cors": "^2.8.5",
      "form-data": "^4.0.0",
      "fs": "^0.0.1-security",
      "node-fetch": "^2.6.0",
      "ssl-express-www": "^3.2.1",
      "util": "^0.12.5",
      "body-parser": "^1.20.2",
      "encodeurl": "^1.0.2",
      "jsdom": "^23.2.0",
      "linkifyjs": "^4.1.3"
    }
  }

yarn manifest: 
  No manifest

Lockfile: 
  No lockfile
